<?xml version="1.0" encoding="utf-8"?><testsuites name="pytest tests"><testsuite name="pytest" errors="0" failures="0" skipped="0" tests="103" time="5.447" timestamp="2026-09-13T14:27:21.345706+00:00" hostname="localhost"><testcase classname="tests.test_algebra" name="test_canonical_simplex" time="0.038" /><testcase classname="tests.test_algebra" name="test_invalid_simplex[vertices0]" time="0.001" /><testcase classname="tests.test_algebra" name="test_invalid_simplex[vertices1]" time="0.001" /><testcase classname="tests.test_algebra" name="test_invalid_simplex[vertices2]" time="0.001" /><testcase classname="tests.test_algebra" name="test_invalid_simplex[vertices3]" time="0.001" /><testcase classname="tests.test_algebra" name="test_invalid_simplex[vertices4]" time="0.001" /><testcase classname="tests.test_algebra" name="test_standard_complexes[facets0-expected0]" time="0.712" /><testcase classname="tests.test_algebra" name="test_standard_complexes[facets1-expected1]" time="0.002" /><testcase classname="tests.test_algebra" name="test_standard_complexes[facets2-expected2]" time="0.002" /><testcase classname="tests.test_algebra" name="test_standard_complexes[facets3-expected3]" time="0.006" /><testcase classname="tests.test_algebra" name="test_standard_complexes[facets4-expected4]" time="0.003" /><testcase classname="tests.test_algebra" name="test_standard_complexes[facets5-expected5]" time="0.004" /><testcase classname="tests.test_algebra" name="test_standard_complexes[facets6-expected6]" time="0.006" /><testcase classname="tests.test_algebra" name="test_standard_complexes[facets7-expected7]" time="0.006" /><testcase classname="tests.test_algebra" name="test_boundary_squared_zero" time="0.004" /><testcase classname="tests.test_algebra" name="test_reject_non_chain" time="0.002" /><testcase classname="tests.test_algebra" name="test_reject_dimension_mismatch" time="0.001" /><testcase classname="tests.test_algebra" name="test_reject_floating_boundaries" time="0.001" /><testcase classname="tests.test_algebra" name="test_actual_smith_divisibility" time="0.002" /><testcase classname="tests.test_algebra" name="test_integer_torsion_and_field_dependence" time="0.002" /><testcase classname="tests.test_algebra" name="test_snf_torsion_formula_with_nonzero_outgoing_boundary" time="0.002" /><testcase classname="tests.test_algebra" name="test_sparse_rank_against_independent_dense_elimination[0]" time="0.002" /><testcase classname="tests.test_algebra" name="test_sparse_rank_against_independent_dense_elimination[1]" time="0.002" /><testcase classname="tests.test_algebra" name="test_sparse_rank_against_independent_dense_elimination[2]" time="0.001" /><testcase classname="tests.test_algebra" name="test_sparse_rank_against_independent_dense_elimination[3]" time="0.001" /><testcase classname="tests.test_algebra" name="test_sparse_rank_against_independent_dense_elimination[4]" time="0.001" /><testcase classname="tests.test_algebra" name="test_sparse_rank_against_independent_dense_elimination[5]" time="0.002" /><testcase classname="tests.test_algebra" name="test_sparse_rank_against_independent_dense_elimination[6]" time="0.002" /><testcase classname="tests.test_algebra" name="test_sparse_rank_against_independent_dense_elimination[7]" time="0.001" /><testcase classname="tests.test_algebra" name="test_sparse_rank_against_independent_dense_elimination[8]" time="0.001" /><testcase classname="tests.test_algebra" name="test_sparse_rank_against_independent_dense_elimination[9]" time="0.002" /><testcase classname="tests.test_algebra" name="test_reduction_budgets" time="0.001" /><testcase classname="tests.test_algebra" name="test_true_persistence_triangle_birth_and_fill" time="0.008" /><testcase classname="tests.test_algebra" name="test_filtration_propagates_earlier_birth" time="0.001" /><testcase classname="tests.test_algebra" name="test_zero_length_intervals_explicit" time="0.001" /><testcase classname="tests.test_algebra" name="test_empty_persistence" time="0.001" /><testcase classname="tests.test_native_ocp" name="test_analytic_roundtrip[box-GeomAbs_Plane-1000]" time="0.044" /><testcase classname="tests.test_native_ocp" name="test_analytic_roundtrip[&lt;lambda&gt;-GeomAbs_Cylinder-62.83185307179586]" time="0.018" /><testcase classname="tests.test_native_ocp" name="test_analytic_roundtrip[&lt;lambda&gt;-GeomAbs_Sphere-33.510321638291124]" time="0.011" /><testcase classname="tests.test_native_ocp" name="test_analytic_roundtrip[&lt;lambda&gt;-GeomAbs_Torus-78.95683520871486]" time="0.016" /><testcase classname="tests.test_native_ocp" name="test_sphere_poles_and_periodic_seams_are_not_leaks" time="0.004" /><testcase classname="tests.test_native_ocp" name="test_real_sewing_preserves_surfaces_and_input[box]" time="0.021" /><testcase classname="tests.test_native_ocp" name="test_real_sewing_preserves_surfaces_and_input[&lt;lambda&gt;]" time="0.013" /><testcase classname="tests.test_native_ocp" name="test_valid_part_is_not_needlessly_healed" time="0.009" /><testcase classname="tests.test_native_ocp" name="test_existing_cavity_is_preserved" time="0.054" /><testcase classname="tests.test_native_ocp" name="test_multiple_solids_need_explicit_policy" time="0.013" /><testcase classname="tests.test_native_ocp" name="test_ambiguous_disconnected_shells_not_auto_grouped" time="0.013" /><testcase classname="tests.test_native_ocp" name="test_missing_face_not_silently_capped" time="0.010" /><testcase classname="tests.test_native_ocp" name="test_unowned_vertex_is_not_discarded" time="0.011" /><testcase classname="tests.test_native_ocp" name="test_disabled_interference_check_cannot_pass_gate" time="0.004" /><testcase classname="tests.test_native_ocp" name="test_tolerance_budget_enforced" time="0.008" /><testcase classname="tests.test_native_ocp" name="test_export_does_not_overwrite" time="0.002" /><testcase classname="tests.test_native_ocp" name="test_bad_roundtrip_never_publishes" time="0.007" /><testcase classname="tests.test_native_ocp" name="test_roundtrip_geometry_drift_is_rejected" time="0.019" /><testcase classname="tests.test_native_ocp" name="test_input_validation" time="0.007" /><testcase classname="tests.test_native_ocp" name="test_display_mesh_keeps_face_provenance_and_orients_triangles" time="0.010" /><testcase classname="tests.test_native_ocp" name="test_edge_overlay_samples_actual_curves" time="0.004" /><testcase classname="tests.test_native_ocp" name="test_local_pipeline_preserves_source_and_reports_hash" time="0.063" /><testcase classname="tests.test_native_ocp" name="test_import_converts_metres_to_millimetres" time="0.029" /><testcase classname="tests.test_native_ocp" name="test_overlapping_solids_fail_interference_gate" time="0.010" /><testcase classname="tests.test_numerics_metrics" name="test_equilateral_quality" time="0.002" /><testcase classname="tests.test_numerics_metrics" name="test_scalene_triangle_angle_regression" time="0.002" /><testcase classname="tests.test_numerics_metrics" name="test_degenerate_triangle_is_not_given_fake_area" time="0.001" /><testcase classname="tests.test_numerics_metrics" name="test_empty_quality" time="0.001" /><testcase classname="tests.test_numerics_metrics" name="test_hausdorff_compares_both_directions" time="0.001" /><testcase classname="tests.test_numerics_metrics" name="test_parametric_constants_broadcast" time="0.002" /><testcase classname="tests.test_numerics_metrics" name="test_bounded_local_intersection" time="0.008" /><testcase classname="tests.test_numerics_metrics" name="test_no_intersection_reports_failure" time="0.021" /><testcase classname="tests.test_numerics_metrics" name="test_uniform_refinement_conforming_and_area_preserving" time="0.021" /><testcase classname="tests.test_numerics_metrics" name="test_area_ratios_not_stress" time="0.001" /><testcase classname="tests.test_numerics_metrics" name="test_core_import_has_no_network_or_plotting_imports" time="1.363" /><testcase classname="tests.test_numerics_metrics" name="test_cli_demo_and_existing_report_protection" time="0.018" /><testcase classname="tests.test_numerics_metrics" name="test_visualization_uses_edge_endpoints" time="0.196" /><testcase classname="tests.test_topology_repair" name="test_basic_topology[cube-betti0-True]" time="0.004" /><testcase classname="tests.test_topology_repair" name="test_basic_topology[disk-betti1-False]" time="0.003" /><testcase classname="tests.test_topology_repair" name="test_basic_topology[&lt;lambda&gt;-betti2-False]" time="0.003" /><testcase classname="tests.test_topology_repair" name="test_basic_topology[cracked_cube-betti3-False]" time="0.006" /><testcase classname="tests.test_topology_repair" name="test_torus_handle_is_not_a_leak" time="0.038" /><testcase classname="tests.test_topology_repair" name="test_vertex_link_detects_pinch_missed_by_edge_incidence" time="0.003" /><testcase classname="tests.test_topology_repair" name="test_edge_zero_has_two_distinct_orientations" time="0.001" /><testcase classname="tests.test_topology_repair" name="test_array_ownership_and_readonly" time="0.001" /><testcase classname="tests.test_topology_repair" name="test_malformed_input_rejected[nan]" time="0.001" /><testcase classname="tests.test_topology_repair" name="test_malformed_input_rejected[fractional_indices]" time="0.001" /><testcase classname="tests.test_topology_repair" name="test_malformed_input_rejected[bad_index]" time="0.001" /><testcase classname="tests.test_topology_repair" name="test_malformed_input_rejected[zero_token]" time="0.001" /><testcase classname="tests.test_topology_repair" name="test_malformed_input_rejected[bad_offsets]" time="0.001" /><testcase classname="tests.test_topology_repair" name="test_broken_wire_report_does_not_fabricate_betti" time="0.001" /><testcase classname="tests.test_topology_repair" name="test_reversal_must_reverse_order_and_signs" time="0.007" /><testcase classname="tests.test_topology_repair" name="test_all_disconnected_components_oriented" time="0.006" /><testcase classname="tests.test_topology_repair" name="test_nonorientable_mobius_strip_rejected" time="0.002" /><testcase classname="tests.test_topology_repair" name="test_vertex_weld_also_deduplicates_edges" time="0.009" /><testcase classname="tests.test_topology_repair" name="test_welding_idempotent" time="0.011" /><testcase classname="tests.test_topology_repair" name="test_distance_chain_does_not_transitively_collapse" time="0.006" /><testcase classname="tests.test_topology_repair" name="test_welding_rejects_collapsed_edge" time="0.003" /><testcase classname="tests.test_topology_repair" name="test_weld_resource_limit" time="0.004" /><testcase classname="tests.test_topology_repair" name="test_duplicate_faces_not_accepted" time="0.002" /><testcase classname="tests.test_topology_repair" name="test_unused_topology_is_not_silently_dropped" time="0.003" /><testcase classname="tests.test_topology_repair" name="test_pipeline_events_and_no_op_input_ownership" time="0.010" /><testcase classname="tests.test_topology_repair" name="test_default_pipeline_does_not_weld" time="0.006" /><testcase classname="tests.test_topology_repair" name="test_pipeline_failure_does_not_return_candidate" time="0.004" /><testcase classname="tests.test_topology_repair" name="test_nonplanar_face_not_fan_triangulated" time="0.001" /><testcase classname="tests.test_topology_repair" name="test_empty_boundary_does_not_pass" time="0.002" /><testcase classname="tests.test_topology_repair" name="test_mesh_does_not_silently_drop_duplicate_facets" time="0.001" /></testsuite></testsuites>