<?xml version="1.0" encoding="utf-8"?><testsuites name="pytest tests"><testsuite name="pytest" errors="0" failures="0" skipped="0" tests="69" time="3.730" timestamp="2026-09-16T08:53:09.144104+00:00" hostname="localhost"><testcase classname="tests.test_mesh_healing" name="test_cotangent_matrix_return_symmetry_constant_kernel_and_psd" time="0.085" /><testcase classname="tests.test_mesh_healing" name="test_single_right_triangle_weights" time="0.001" /><testcase classname="tests.test_mesh_healing" name="test_negative_cotangent_not_clamped" time="0.002" /><testcase classname="tests.test_mesh_healing" name="test_quad_diagonal_is_in_matrix_but_not_polygon_adjacency" time="0.002" /><testcase classname="tests.test_mesh_healing" name="test_cotangents_are_scale_invariant[1e-09]" time="0.006" /><testcase classname="tests.test_mesh_healing" name="test_cotangents_are_scale_invariant[1.0]" time="0.006" /><testcase classname="tests.test_mesh_healing" name="test_cotangents_are_scale_invariant[1000000000.0]" time="0.006" /><testcase classname="tests.test_mesh_healing" name="test_planar_affine_precision_on_irregular_grid" time="0.013" /><testcase classname="tests.test_mesh_healing" name="test_original_example_values" time="0.005" /><testcase classname="tests.test_mesh_healing" name="test_boundary_update_reuses_factorization" time="0.010" /><testcase classname="tests.test_mesh_healing" name="test_woodbury_matches_full_refactor_and_target_changes_reuse" time="0.034" /><testcase classname="tests.test_mesh_healing" name="test_high_rank_soft_constraints_refactor" time="0.007" /><testcase classname="tests.test_mesh_healing" name="test_zero_weight_soft_anchor_has_no_effect" time="0.008" /><testcase classname="tests.test_mesh_healing" name="test_soft_anchor_on_boundary_rejected" time="0.003" /><testcase classname="tests.test_mesh_healing" name="test_face_confidence_preserves_psd_and_rebuilds" time="0.010" /><testcase classname="tests.test_mesh_healing" name="test_zero_confidence_disconnection_is_not_silently_pinned" time="0.002" /><testcase classname="tests.test_mesh_healing" name="test_masked_contamination_repair_keeps_trusted_values" time="0.008" /><testcase classname="tests.test_mesh_healing" name="test_stale_factorization_detects_in_place_geometry_edit" time="0.003" /><testcase classname="tests.test_mesh_healing" name="test_stale_factorization_detects_preprocess" time="0.005" /><testcase classname="tests.test_mesh_healing" name="test_partial_patch_requires_explicit_faces" time="0.002" /><testcase classname="tests.test_mesh_healing" name="test_missing_boundary_rejected" time="0.001" /><testcase classname="tests.test_mesh_healing" name="test_unanchored_closed_component_rejected" time="0.002" /><testcase classname="tests.test_mesh_healing" name="test_boundary_only_and_orientation_failures" time="0.005" /><testcase classname="tests.test_mesh_healing" name="test_disconnected_two_patches_each_anchored" time="0.003" /><testcase classname="tests.test_mesh_healing" name="test_stitch_preserves_representative_coordinates_and_resets_adjacency" time="0.002" /><testcase classname="tests.test_mesh_healing" name="test_real_distance_across_spatial_hash_bucket_boundary" time="0.001" /><testcase classname="tests.test_mesh_healing" name="test_actual_distance_outside_tolerance_is_not_welded" time="0.001" /><testcase classname="tests.test_mesh_healing" name="test_vertex_only_touch_not_welded" time="0.001" /><testcase classname="tests.test_mesh_healing" name="test_overlapping_duplicate_sheets_not_auto_welded" time="0.001" /><testcase classname="tests.test_mesh_healing" name="test_explicit_duplicate_face_weld_rejected" time="0.002" /><testcase classname="tests.test_mesh_healing" name="test_bowtie_split_and_one_to_many_provenance" time="0.001" /><testcase classname="tests.test_mesh_healing" name="test_two_bowtie_vertices_split_without_stale_incidence" time="0.001" /><testcase classname="tests.test_mesh_healing" name="test_multi_sheet_edge_rejected_transactionally" time="0.001" /><testcase classname="tests.test_mesh_healing" name="test_degenerate_duplicate_and_unused_pruning" time="0.002" /><testcase classname="tests.test_mesh_healing" name="test_inconsistent_winding_repaired" time="0.003" /><testcase classname="tests.test_mesh_healing" name="test_constraints_conflicting_at_weld_fail" time="0.002" /><testcase classname="tests.test_mesh_healing" name="test_preprocess_preserves_real_open_boundary" time="0.003" /><testcase classname="tests.test_mesh_healing" name="test_concave_quad_uses_valid_alternate_diagonal" time="0.001" /><testcase classname="tests.test_mesh_healing" name="test_simple_ngon_ear_clipping" time="0.003" /><testcase classname="tests.test_mesh_healing" name="test_self_intersecting_quad_rejected" time="0.001" /><testcase classname="tests.test_mesh_healing" name="test_bad_stitch_tolerance[0.0]" time="0.000" /><testcase classname="tests.test_mesh_healing" name="test_bad_stitch_tolerance[-1.0]" time="0.002" /><testcase classname="tests.test_mesh_healing" name="test_bad_stitch_tolerance[nan]" time="0.000" /><testcase classname="tests.test_mesh_healing" name="test_bad_stitch_tolerance[inf]" time="0.001" /><testcase classname="tests.test_mesh_healing" name="test_pruner_integrates_stitching_and_edge_id_remapping" time="0.003" /><testcase classname="tests.test_mesh_healing" name="test_pruner_refuses_missing_endpoint_map_before_mutating" time="0.001" /><testcase classname="tests.test_mesh_healing" name="test_pruner_missing_lengths_and_protected_tracks" time="0.000" /><testcase classname="tests.test_mesh_healing" name="test_pruner_late_error_rolls_back" time="0.003" /><testcase classname="tests.test_mesh_healing" name="test_legacy_uniform_helper_and_geometry_route" time="0.009" /><testcase classname="tests.test_mesh_healing" name="test_halfedge_tracer_records_exit_boundary_and_repeatable_graph" time="0.001" /><testcase classname="tests.test_mesh_healing" name="test_halfedge_builder_rejects_triangle" time="0.001" /><testcase classname="tests.test_mesh_healing" name="test_igm_original_constraints_and_integrality" time="0.016" /><testcase classname="tests.test_mesh_healing" name="test_igm_repeated_segment_coefficients_accumulate" time="0.004" /><testcase classname="tests.test_mesh_healing" name="test_igm_infeasible_and_bad_segment_id" time="0.002" /><testcase classname="tests.test_mesh_healing" name="test_igm_without_structural_constraints" time="0.004" /><testcase classname="tests.test_mesh_healing" name="test_cross_field_returns_finite_unit_values_and_anchors_components" time="0.003" /><testcase classname="tests.test_mesh_healing" name="test_cross_field_transport_is_reciprocal" time="0.002" /><testcase classname="tests.test_mesh_healing" name="test_cross_field_feature_tangent_is_plane_intersection" time="0.002" /><testcase classname="tests.test_mesh_healing" name="test_cross_field_zero_confidence_and_normal_validation" time="0.002" /><testcase classname="tests.test_mesh_healing" name="test_frontend_json_contains_both_coordinate_sets" time="0.013" /><testcase classname="tests.test_mesh_healing" name="test_uv_evaluator_reproduces_vertices_centroids_and_outside_rejection" time="0.008" /><testcase classname="tests.test_mesh_healing" name="test_uv_evaluator_detects_overlapping_charts" time="0.002" /><testcase classname="tests.test_mesh_healing" name="test_real_step_roundtrip[uv]" time="2.601" /><testcase classname="tests.test_mesh_healing" name="test_real_step_roundtrip[xyz]" time="0.024" /><testcase classname="tests.test_mesh_healing" name="test_step_units_and_uv_scale[mm]" time="0.025" /><testcase classname="tests.test_mesh_healing" name="test_step_units_and_uv_scale[m]" time="0.026" /><testcase classname="tests.test_mesh_healing" name="test_step_units_and_uv_scale[in]" time="0.022" /><testcase classname="tests.test_mesh_healing" name="test_compatibility_step_name_now_real" time="0.032" /><testcase classname="tests.test_mesh_healing" name="test_end_to_end_original_and_seam_examples" time="0.051" /></testsuite></testsuites>